<?xml version="1.0" encoding="UTF-8"?>
<!-- Generated by org.testng.reporters.JUnitReportReporter -->
<testsuite skipped="0" hostname="DESKTOP-5C984VO" name="com.codebase.WebTestClass2" tests="6" failures="0" timestamp="10 Jul 2018 12:45:59 GMT" time="0.800" errors="0">
  <testcase name="Test02_Verify_Google_Search_Button" time="0.088" classname="com.codebase.WebTestClass2"/>
  <testcase name="Test06_Verify_Country_Name" time="0.113" classname="com.codebase.WebTestClass2"/>
  <testcase name="Test01_Verify_Google_Title" time="0.011" classname="com.codebase.WebTestClass2"/>
  <testcase name="Test03_Verify_Google_Feeling_Lucky_Button" time="0.070" classname="com.codebase.WebTestClass2"/>
  <testcase name="Test04_Verify_Google_Field" time="0.087" classname="com.codebase.WebTestClass2"/>
  <testcase name="Test05_Type_In_Google_Field" time="0.431" classname="com.codebase.WebTestClass2"/>
</testsuite> <!-- com.codebase.WebTestClass2 -->
