<?xml version="1.0" encoding="UTF-8"?>
<!-- Generated by org.testng.reporters.JUnitReportReporter -->
<testsuite skipped="0" hostname="DESKTOP-5C984VO" name="com.codebase.WebTestClass3" tests="6" failures="0" timestamp="10 Jul 2018 12:45:59 GMT" time="8.353" errors="0">
  <testcase name="Test02_Verify_Google_Search_Button" time="0.301" classname="com.codebase.WebTestClass3"/>
  <testcase name="Test01_Verify_Google_Title" time="0.715" classname="com.codebase.WebTestClass3"/>
  <testcase name="Test06_Verify_Country_Name" time="0.201" classname="com.codebase.WebTestClass3"/>
  <testcase name="Test03_Verify_Google_Feeling_Lucky_Button" time="0.081" classname="com.codebase.WebTestClass3"/>
  <testcase name="Test04_Verify_Google_Field" time="0.097" classname="com.codebase.WebTestClass3"/>
  <testcase name="Test05_Type_In_Google_Field" time="6.958" classname="com.codebase.WebTestClass3"/>
</testsuite> <!-- com.codebase.WebTestClass3 -->
