<?xml version="1.0" encoding="UTF-8"?>
<!-- Generated by org.testng.reporters.JUnitReportReporter -->
<testsuite hostname="VICKS-PC" failures="0" tests="6" name="com.codebase.WebTestClass3" time="0.768" errors="0" timestamp="23 Apr 2018 21:40:16 GMT" skipped="0">
  <testcase classname="com.codebase.WebTestClass3" name="Test01_Verify_Google_Title" time="0.006"/>
  <testcase classname="com.codebase.WebTestClass3" name="Test03_Verify_Google_Feeling_Lucky_Button" time="0.065"/>
  <testcase classname="com.codebase.WebTestClass3" name="Test04_Verify_Google_Field" time="0.084"/>
  <testcase classname="com.codebase.WebTestClass3" name="Test05_Type_In_Google_Field" time="0.379"/>
  <testcase classname="com.codebase.WebTestClass3" name="Test06_Verify_Country_Name" time="0.149"/>
  <testcase classname="com.codebase.WebTestClass3" name="Test02_Verify_Google_Search_Button" time="0.085"/>
</testsuite> <!-- com.codebase.WebTestClass3 -->
