<?xml version="1.0" encoding="UTF-8"?>
<!-- Generated by org.testng.reporters.JUnitReportReporter -->
<testsuite hostname="VICKS-PC" failures="0" tests="6" name="com.codebase.WebTestClass2" time="0.810" errors="0" timestamp="23 Apr 2018 21:40:16 GMT" skipped="0">
  <testcase classname="com.codebase.WebTestClass2" name="Test01_Verify_Google_Title" time="0.011"/>
  <testcase classname="com.codebase.WebTestClass2" name="Test02_Verify_Google_Search_Button" time="0.092"/>
  <testcase classname="com.codebase.WebTestClass2" name="Test04_Verify_Google_Field" time="0.076"/>
  <testcase classname="com.codebase.WebTestClass2" name="Test05_Type_In_Google_Field" time="0.429"/>
  <testcase classname="com.codebase.WebTestClass2" name="Test06_Verify_Country_Name" time="0.128"/>
  <testcase classname="com.codebase.WebTestClass2" name="Test03_Verify_Google_Feeling_Lucky_Button" time="0.074"/>
</testsuite> <!-- com.codebase.WebTestClass2 -->
