<?xml version="1.0" encoding="UTF-8"?>
<!-- Generated by org.testng.reporters.JUnitReportReporter -->
<testsuite hostname="VICKS-PC" failures="0" tests="6" name="com.codebase.WebTestClass" time="0.757" errors="0" timestamp="23 Apr 2018 23:37:39 GMT" skipped="0">
  <testcase classname="com.codebase.WebTestClass" name="Test01_Verify_Google_Title" time="0.009"/>
  <testcase classname="com.codebase.WebTestClass" name="Test06_Verify_Country_Name" time="0.109"/>
  <testcase classname="com.codebase.WebTestClass" name="Test05_Type_In_Google_Field" time="0.369"/>
  <testcase classname="com.codebase.WebTestClass" name="Test03_Verify_Google_Feeling_Lucky_Button" time="0.061"/>
  <testcase classname="com.codebase.WebTestClass" name="Test02_Verify_Google_Search_Button" time="0.099"/>
  <testcase classname="com.codebase.WebTestClass" name="Test04_Verify_Google_Field" time="0.110"/>
</testsuite> <!-- com.codebase.WebTestClass -->
