<?xml version="1.0" encoding="UTF-8"?>
<!-- Generated by org.testng.reporters.JUnitReportReporter -->
<testsuite hostname="VICKS-PC" failures="0" tests="6" name="com.codebase.WebTestClass" time="0.764" errors="0" timestamp="22 Apr 2018 21:43:08 GMT">
  <testcase classname="com.codebase.WebTestClass" name="Test04_Verify_Google_Field" time="0.084"/>
  <testcase classname="com.codebase.WebTestClass" name="Test02_Verify_Google_Search_Button" time="0.092"/>
  <testcase classname="com.codebase.WebTestClass" name="Test06_Verify_Country_Name" time="0.115"/>
  <testcase classname="com.codebase.WebTestClass" name="Test01_Verify_Google_Title" time="0.012"/>
  <testcase classname="com.codebase.WebTestClass" name="Test05_Type_In_Google_Field" time="0.393"/>
  <testcase classname="com.codebase.WebTestClass" name="Test03_Verify_Google_Feeling_Lucky_Button" time="0.068"/>
</testsuite> <!-- com.codebase.WebTestClass -->
