<?xml version="1.0" encoding="UTF-8"?>
<!-- Generated by org.testng.reporters.JUnitReportReporter -->
<testsuite hostname="VICKS-PC" failures="0" tests="6" name="com.codebase.WebTestClass" time="0.722" errors="0" timestamp="25 Apr 2018 18:37:57 GMT" skipped="0">
  <testcase classname="com.codebase.WebTestClass" name="Test02_Verify_Google_Search_Button" time="0.083"/>
  <testcase classname="com.codebase.WebTestClass" name="Test01_Verify_Google_Title" time="0.023"/>
  <testcase classname="com.codebase.WebTestClass" name="Test03_Verify_Google_Feeling_Lucky_Button" time="0.056"/>
  <testcase classname="com.codebase.WebTestClass" name="Test06_Verify_Country_Name" time="0.105"/>
  <testcase classname="com.codebase.WebTestClass" name="Test04_Verify_Google_Field" time="0.079"/>
  <testcase classname="com.codebase.WebTestClass" name="Test05_Type_In_Google_Field" time="0.376"/>
</testsuite> <!-- com.codebase.WebTestClass -->
