<?xml version="1.0" encoding="UTF-8"?>
<!-- Generated by org.testng.reporters.JUnitReportReporter -->
<testsuite hostname="VICKS-PC" failures="0" tests="6" name="com.codebase.WebTestClass2" time="0.771" errors="0" timestamp="25 Apr 2018 13:42:49 GMT" skipped="0">
  <testcase classname="com.codebase.WebTestClass2" name="Test02_Verify_Google_Search_Button" time="0.087"/>
  <testcase classname="com.codebase.WebTestClass2" name="Test01_Verify_Google_Title" time="0.010"/>
  <testcase classname="com.codebase.WebTestClass2" name="Test04_Verify_Google_Field" time="0.112"/>
  <testcase classname="com.codebase.WebTestClass2" name="Test03_Verify_Google_Feeling_Lucky_Button" time="0.080"/>
  <testcase classname="com.codebase.WebTestClass2" name="Test05_Type_In_Google_Field" time="0.368"/>
  <testcase classname="com.codebase.WebTestClass2" name="Test06_Verify_Country_Name" time="0.114"/>
</testsuite> <!-- com.codebase.WebTestClass2 -->
