<?xml version="1.0" encoding="UTF-8"?>
<!-- Generated by org.testng.reporters.JUnitReportReporter -->
<testsuite hostname="VICKS-PC" failures="0" tests="6" name="com.codebase.WebTestClass3" time="0.697" errors="0" timestamp="25 Apr 2018 14:23:59 GMT" skipped="0">
  <testcase classname="com.codebase.WebTestClass3" name="Test06_Verify_Country_Name" time="0.132"/>
  <testcase classname="com.codebase.WebTestClass3" name="Test04_Verify_Google_Field" time="0.085"/>
  <testcase classname="com.codebase.WebTestClass3" name="Test03_Verify_Google_Feeling_Lucky_Button" time="0.060"/>
  <testcase classname="com.codebase.WebTestClass3" name="Test02_Verify_Google_Search_Button" time="0.085"/>
  <testcase classname="com.codebase.WebTestClass3" name="Test01_Verify_Google_Title" time="0.016"/>
  <testcase classname="com.codebase.WebTestClass3" name="Test05_Type_In_Google_Field" time="0.319"/>
</testsuite> <!-- com.codebase.WebTestClass3 -->
